[2020-11-04 22:42:09] app.INFO: Protect vendor folder in module contactform [] []
[2020-11-04 22:42:09] app.INFO: Module contactform has no vendor folder [] []
[2020-11-04 22:42:09] app.INFO: Protect vendor folder in module dashactivity [] []
[2020-11-04 22:42:09] app.INFO: Module dashactivity has no vendor folder [] []
[2020-11-04 22:42:09] app.INFO: Protect vendor folder in module dashtrends [] []
[2020-11-04 22:42:09] app.INFO: Module dashtrends has no vendor folder [] []
[2020-11-04 22:42:10] app.INFO: Protect vendor folder in module dashgoals [] []
[2020-11-04 22:42:10] app.INFO: Module dashgoals has no vendor folder [] []
[2020-11-04 22:42:10] app.INFO: Protect vendor folder in module dashproducts [] []
[2020-11-04 22:42:10] app.INFO: Module dashproducts has no vendor folder [] []
[2020-11-04 22:42:10] app.INFO: Protect vendor folder in module graphnvd3 [] []
[2020-11-04 22:42:10] app.INFO: Module graphnvd3 has no vendor folder [] []
[2020-11-04 22:42:10] app.INFO: Protect vendor folder in module gridhtml [] []
[2020-11-04 22:42:10] app.INFO: Module gridhtml has no vendor folder [] []
[2020-11-04 22:42:10] app.INFO: Protect vendor folder in module gsitemap [] []
[2020-11-04 22:42:10] app.INFO: Module gsitemap has no vendor folder [] []
[2020-11-04 22:42:10] app.INFO: Protect vendor folder in module ps_banner [] []
[2020-11-04 22:42:10] app.INFO: Module ps_banner has no vendor folder [] []
[2020-11-04 22:42:10] app.INFO: Protect vendor folder in module ps_categorytree [] []
[2020-11-04 22:42:10] app.INFO: Module ps_categorytree has no vendor folder [] []
[2020-11-04 22:42:10] app.INFO: Protect vendor folder in module ps_checkpayment [] []
[2020-11-04 22:42:10] app.INFO: Module ps_checkpayment has no vendor folder [] []
[2020-11-04 22:42:10] app.INFO: Protect vendor folder in module ps_contactinfo [] []
[2020-11-04 22:42:10] app.INFO: Module ps_contactinfo has no vendor folder [] []
[2020-11-04 22:42:10] app.INFO: Protect vendor folder in module ps_currencyselector [] []
[2020-11-04 22:42:10] app.INFO: Module ps_currencyselector has no vendor folder [] []
[2020-11-04 22:42:10] app.INFO: Protect vendor folder in module ps_customeraccountlinks [] []
[2020-11-04 22:42:10] app.INFO: Module ps_customeraccountlinks has no vendor folder [] []
[2020-11-04 22:42:10] app.INFO: Protect vendor folder in module ps_customersignin [] []
[2020-11-04 22:42:10] app.INFO: Module ps_customersignin has no vendor folder [] []
[2020-11-04 22:42:11] app.INFO: Protect vendor folder in module ps_customtext [] []
[2020-11-04 22:42:11] app.INFO: Module ps_customtext has no vendor folder [] []
[2020-11-04 22:42:11] app.INFO: Protect vendor folder in module ps_emailsubscription [] []
[2020-11-04 22:42:11] app.INFO: Module ps_emailsubscription has no vendor folder [] []
[2020-11-04 22:42:11] app.INFO: Protect vendor folder in module ps_facetedsearch [] []
[2020-11-04 22:42:11] app.INFO: Module ps_facetedsearch has no vendor folder [] []
[2020-11-04 22:42:11] app.INFO: Protect vendor folder in module ps_faviconnotificationbo [] []
[2020-11-04 22:42:11] app.INFO: Module ps_faviconnotificationbo has no vendor folder [] []
[2020-11-04 22:42:11] app.INFO: Protect vendor folder in module ps_featuredproducts [] []
[2020-11-04 22:42:11] app.INFO: Module ps_featuredproducts has no vendor folder [] []
[2020-11-04 22:42:12] app.INFO: Protect vendor folder in module ps_imageslider [] []
[2020-11-04 22:42:12] app.INFO: Module ps_imageslider has no vendor folder [] []
[2020-11-04 22:42:12] app.INFO: Protect vendor folder in module ps_languageselector [] []
[2020-11-04 22:42:12] app.INFO: Module ps_languageselector has no vendor folder [] []
[2020-11-04 22:42:12] app.INFO: Protect vendor folder in module ps_linklist [] []
[2020-11-04 22:42:12] app.INFO: Module ps_linklist has no vendor folder [] []
[2020-11-04 22:42:12] app.ERROR: Class "AdminLinkWidgetController" not found in controllers/admin [] []
[2020-11-04 22:42:12] app.INFO: Protect vendor folder in module ps_mainmenu [] []
[2020-11-04 22:42:12] app.INFO: Module ps_mainmenu has no vendor folder [] []
[2020-11-04 22:42:12] app.INFO: Protect vendor folder in module ps_searchbar [] []
[2020-11-04 22:42:12] app.INFO: Module ps_searchbar has no vendor folder [] []
[2020-11-04 22:42:12] app.INFO: Protect vendor folder in module ps_sharebuttons [] []
[2020-11-04 22:42:12] app.INFO: Module ps_sharebuttons has no vendor folder [] []
[2020-11-04 22:42:12] app.INFO: Protect vendor folder in module ps_shoppingcart [] []
[2020-11-04 22:42:12] app.INFO: Module ps_shoppingcart has no vendor folder [] []
[2020-11-04 22:42:12] app.INFO: Protect vendor folder in module ps_socialfollow [] []
[2020-11-04 22:42:12] app.INFO: Module ps_socialfollow has no vendor folder [] []
[2020-11-04 22:42:13] app.INFO: Protect vendor folder in module ps_themecusto [] []
[2020-11-04 22:42:13] app.INFO: Module ps_themecusto has no vendor folder [] []
[2020-11-04 22:42:13] app.INFO: Protect vendor folder in module ps_wirepayment [] []
[2020-11-04 22:42:13] app.INFO: Module ps_wirepayment has no vendor folder [] []
[2020-11-04 22:42:13] app.INFO: Protect vendor folder in module pagesnotfound [] []
[2020-11-04 22:42:13] app.INFO: Module pagesnotfound has no vendor folder [] []
[2020-11-04 22:42:13] app.INFO: Protect vendor folder in module sekeywords [] []
[2020-11-04 22:42:13] app.INFO: Module sekeywords has no vendor folder [] []
[2020-11-04 22:42:13] app.INFO: Protect vendor folder in module statsbestcategories [] []
[2020-11-04 22:42:13] app.INFO: Module statsbestcategories has no vendor folder [] []
[2020-11-04 22:42:13] app.INFO: Protect vendor folder in module statsbestcustomers [] []
[2020-11-04 22:42:13] app.INFO: Module statsbestcustomers has no vendor folder [] []
[2020-11-04 22:42:13] app.INFO: Protect vendor folder in module statsbestproducts [] []
[2020-11-04 22:42:13] app.INFO: Module statsbestproducts has no vendor folder [] []
[2020-11-04 22:42:13] app.INFO: Protect vendor folder in module statsbestsuppliers [] []
[2020-11-04 22:42:13] app.INFO: Module statsbestsuppliers has no vendor folder [] []
[2020-11-04 22:42:13] app.INFO: Protect vendor folder in module statsbestvouchers [] []
[2020-11-04 22:42:13] app.INFO: Module statsbestvouchers has no vendor folder [] []
[2020-11-04 22:42:13] app.INFO: Protect vendor folder in module statscarrier [] []
[2020-11-04 22:42:13] app.INFO: Module statscarrier has no vendor folder [] []
[2020-11-04 22:42:13] app.INFO: Protect vendor folder in module statscatalog [] []
[2020-11-04 22:42:13] app.INFO: Module statscatalog has no vendor folder [] []
[2020-11-04 22:42:13] app.INFO: Protect vendor folder in module statscheckup [] []
[2020-11-04 22:42:13] app.INFO: Module statscheckup has no vendor folder [] []
[2020-11-04 22:42:13] app.INFO: Protect vendor folder in module statsdata [] []
[2020-11-04 22:42:13] app.INFO: Module statsdata has no vendor folder [] []
[2020-11-04 22:42:13] app.INFO: Protect vendor folder in module statsequipment [] []
[2020-11-04 22:42:13] app.INFO: Module statsequipment has no vendor folder [] []
[2020-11-04 22:42:13] app.INFO: Protect vendor folder in module statsforecast [] []
[2020-11-04 22:42:13] app.INFO: Module statsforecast has no vendor folder [] []
[2020-11-04 22:42:13] app.INFO: Protect vendor folder in module statslive [] []
[2020-11-04 22:42:13] app.INFO: Module statslive has no vendor folder [] []
[2020-11-04 22:42:14] app.INFO: Protect vendor folder in module statsnewsletter [] []
[2020-11-04 22:42:14] app.INFO: Module statsnewsletter has no vendor folder [] []
[2020-11-04 22:42:14] app.INFO: Protect vendor folder in module statsorigin [] []
[2020-11-04 22:42:14] app.INFO: Module statsorigin has no vendor folder [] []
[2020-11-04 22:42:14] app.INFO: Protect vendor folder in module statspersonalinfos [] []
[2020-11-04 22:42:14] app.INFO: Module statspersonalinfos has no vendor folder [] []
[2020-11-04 22:42:14] app.INFO: Protect vendor folder in module statsproduct [] []
[2020-11-04 22:42:14] app.INFO: Module statsproduct has no vendor folder [] []
[2020-11-04 22:42:14] app.INFO: Protect vendor folder in module statsregistrations [] []
[2020-11-04 22:42:14] app.INFO: Module statsregistrations has no vendor folder [] []
[2020-11-04 22:42:14] app.INFO: Protect vendor folder in module statssales [] []
[2020-11-04 22:42:14] app.INFO: Module statssales has no vendor folder [] []
[2020-11-04 22:42:14] app.INFO: Protect vendor folder in module statssearch [] []
[2020-11-04 22:42:14] app.INFO: Module statssearch has no vendor folder [] []
[2020-11-04 22:42:14] app.INFO: Protect vendor folder in module statsstock [] []
[2020-11-04 22:42:14] app.INFO: Module statsstock has no vendor folder [] []
[2020-11-04 22:42:14] app.INFO: Protect vendor folder in module statsvisits [] []
[2020-11-04 22:42:14] app.INFO: Module statsvisits has no vendor folder [] []
[2020-11-04 22:42:14] app.INFO: Protect vendor folder in module welcome [] []
[2020-11-04 22:42:15] app.INFO: Exporting mail with theme modern for language Polski (Polish) [] []
[2020-11-04 22:42:15] app.INFO: Core output folder: /var/www/html/mails [] []
[2020-11-04 22:42:15] app.INFO: Modules output folder: /var/www/html/modules/ [] []
[2020-11-05 16:22:07] request.INFO: Matched route "admin_payment_preferences". {"route":"admin_payment_preferences","route_parameters":{"_legacy_controller":"AdminPaymentPreferences","_legacy_link":"AdminPaymentPreferences","_controller":"PrestaShopBundle\\Controller\\Admin\\Improve\\Payment\\PaymentPreferencesController::indexAction","_route":"admin_payment_preferences"},"request_uri":"http://87.206.27.24/admin832wub8sz/index.php/improve/payment/preferences?_token=3_9oQ57XOg1pXaxuDBBut-Tyihmc9A9AWaWakvFNfZc","method":"GET"} []
[2020-11-05 16:22:07] security.DEBUG: Read existing security token from the session. {"key":"_security_main","token_class":"Symfony\\Component\\Security\\Core\\Authentication\\Token\\UsernamePasswordToken"} []
[2020-11-05 16:22:07] security.DEBUG: User was reloaded from a user provider. {"provider":"PrestaShopBundle\\Security\\Admin\\EmployeeProvider","username":"jan.kowal@example.com"} []
[2020-11-05 16:22:08] request.CRITICAL: Uncaught PHP Exception Symfony\Component\Debug\Exception\OutOfMemoryException: "Error: Allowed memory size of 134217728 bytes exhausted (tried to allocate 210517 bytes)" at /var/www/html/classes/controller/AdminController.php line 2244 {"exception":"[object] (Symfony\\Component\\Debug\\Exception\\OutOfMemoryException(code: 0): Error: Allowed memory size of 134217728 bytes exhausted (tried to allocate 210517 bytes) at /var/www/html/classes/controller/AdminController.php:2244)"} []
[2020-11-05 19:18:06] request.INFO: Matched route "admin_common_notifications". {"route":"admin_common_notifications","route_parameters":{"_controller":"PrestaShopBundle\\Controller\\Admin\\CommonController::notificationsAction","_legacy_controller":"AdminCommon","_legacy_link":"AdminCommon","_route":"admin_common_notifications"},"request_uri":"http://87.206.27.24/admin832wub8sz/index.php/common/notifications?_token=a_rkEFOJ7LlZ1j-qrNYC5xkmIPAxriKtPFyDFJeRN1Y&rand=1604600286334","method":"POST"} []
[2020-11-05 19:18:06] security.DEBUG: Read existing security token from the session. {"key":"_security_main","token_class":"Symfony\\Component\\Security\\Core\\Authentication\\Token\\UsernamePasswordToken"} []
[2020-11-05 19:18:06] security.DEBUG: User was reloaded from a user provider. {"provider":"PrestaShopBundle\\Security\\Admin\\EmployeeProvider","username":"jan.kowal@example.com"} []
[2020-11-05 19:18:21] request.CRITICAL: Uncaught PHP Exception Symfony\Component\Debug\Exception\FatalErrorException: "Compile Error: require(): Failed opening required '/var/www/html/var/cache/prod/ContainerOx6txlx/getRouting_LoaderService.php' (include_path='/var/www/html/vendor/pear/pear_exception:/var/www/html/vendor/pear/console_getopt:/var/www/html/vendor/pear/pear-core-minimal/src:/var/www/html/vendor/pear/archive_tar:.:/usr/share/pear:/usr/share/php')" at /var/www/html/var/cache/prod/ContainerOx6txlx/appProdProjectContainer.php line 1647 {"exception":"[object] (Symfony\\Component\\Debug\\Exception\\FatalErrorException(code: 0): Compile Error: require(): Failed opening required '/var/www/html/var/cache/prod/ContainerOx6txlx/getRouting_LoaderService.php' (include_path='/var/www/html/vendor/pear/pear_exception:/var/www/html/vendor/pear/console_getopt:/var/www/html/vendor/pear/pear-core-minimal/src:/var/www/html/vendor/pear/archive_tar:.:/usr/share/pear:/usr/share/php') at /var/www/html/var/cache/prod/ContainerOx6txlx/appProdProjectContainer.php:1647)"} []
[2020-12-10 09:55:24] request.INFO: Matched route "admin_module_manage_action". {"route":"admin_module_manage_action","route_parameters":{"_controller":"PrestaShopBundle\\Controller\\Admin\\Improve\\ModuleController::moduleAction","action":"upgrade","module_name":"psaddonsconnect","_route":"admin_module_manage_action"},"request_uri":"https://dniemiro.dev/admin832wub8sz/index.php/improve/modules/manage/action/upgrade/psaddonsconnect?_token=TPZiibtj22tblZaMEICAKEJTeYF-WK12MMePfbZaVFA","method":"POST"} []
[2020-12-10 09:55:24] security.DEBUG: Read existing security token from the session. {"key":"_security_main","token_class":"Symfony\\Component\\Security\\Core\\Authentication\\Token\\UsernamePasswordToken"} []
[2020-12-10 09:55:24] security.DEBUG: User was reloaded from a user provider. {"provider":"PrestaShopBundle\\Security\\Admin\\EmployeeProvider","username":"jan.kowal@example.com"} []
[2020-12-10 09:55:29] app.ERROR: Wyjątek wyrzucany przez moduł psaddonsconnect podczas upgrade. Error sent by Addons. You may need to be logged. [] []
[2020-12-10 09:55:29] security.DEBUG: Stored the security token in the session. {"key":"_security_main"} []
[2020-12-10 09:57:06] request.INFO: Matched route "admin_module_notification". {"route":"admin_module_notification","route_parameters":{"_controller":"PrestaShopBundle\\Controller\\Admin\\Improve\\Modules\\AlertsController::indexAction","_legacy_controller":"AdminModulesNotifications","_legacy_link":"AdminModulesNotifications","_route":"admin_module_notification"},"request_uri":"https://dniemiro.dev/admin832wub8sz/index.php/improve/modules/alerts?_token=TPZiibtj22tblZaMEICAKEJTeYF-WK12MMePfbZaVFA","method":"GET"} []
[2020-12-10 09:57:06] security.DEBUG: Read existing security token from the session. {"key":"_security_main","token_class":"Symfony\\Component\\Security\\Core\\Authentication\\Token\\UsernamePasswordToken"} []
[2020-12-10 09:57:06] security.DEBUG: User was reloaded from a user provider. {"provider":"PrestaShopBundle\\Security\\Admin\\EmployeeProvider","username":"jan.kowal@example.com"} []
[2020-12-10 09:57:06] request.CRITICAL: Uncaught PHP Exception Symfony\Component\Debug\Exception\FatalErrorException: "Compile Error: require(): Failed opening required '/var/www/html/var/cache/prod/ContainerOx6txlx/getPrestashop_Module_ManagerService.php' (include_path='/var/www/html/vendor/pear/pear_exception:/var/www/html/vendor/pear/console_getopt:/var/www/html/vendor/pear/pear-core-minimal/src:/var/www/html/vendor/pear/archive_tar:.:/usr/share/pear:/usr/share/php')" at /var/www/html/var/cache/prod/ContainerOx6txlx/appProdProjectContainer.php line 1647 {"exception":"[object] (Symfony\\Component\\Debug\\Exception\\FatalErrorException(code: 0): Compile Error: require(): Failed opening required '/var/www/html/var/cache/prod/ContainerOx6txlx/getPrestashop_Module_ManagerService.php' (include_path='/var/www/html/vendor/pear/pear_exception:/var/www/html/vendor/pear/console_getopt:/var/www/html/vendor/pear/pear-core-minimal/src:/var/www/html/vendor/pear/archive_tar:.:/usr/share/pear:/usr/share/php') at /var/www/html/var/cache/prod/ContainerOx6txlx/appProdProjectContainer.php:1647)"} []
